OpenSTA 2.0.17 GITDIR-NOT Copyright (c) 2019, Parallax Software, Inc.
License GPLv3: GNU GPL version 3 <http://gnu.org/licenses/gpl.html>

This is free software, and you are free to change and redistribute it
under certain conditions; type `show_copying' for details. 
This program comes with ABSOLUTELY NO WARRANTY; for details type `show_warranty'.
Startpoint: b[1] (input port clocked by virt_clk)
Endpoint: zero (output port clocked by virt_clk)
Path Group: virt_clk
Path Type: max

  Delay    Time   Description
---------------------------------------------------------
   0.00    0.00   clock virt_clk (rise edge)
   0.00    0.00   clock network delay (ideal)
   1.00    1.00 ^ input external delay
   0.00    1.00 ^ b[1] (in)
   0.15    1.15 v _214_/Y (sky130_fd_sc_hd__clkinv_1)
   0.43    1.57 v _243_/X (sky130_fd_sc_hd__maj3_1)
   0.39    1.96 v _244_/X (sky130_fd_sc_hd__maj3_1)
   0.39    2.35 v _245_/X (sky130_fd_sc_hd__maj3_1)
   0.39    2.74 v _246_/X (sky130_fd_sc_hd__maj3_1)
   0.39    3.13 v _247_/X (sky130_fd_sc_hd__maj3_1)
   0.40    3.53 v _250_/X (sky130_fd_sc_hd__maj3_1)
   0.17    3.70 v _416_/X (sky130_fd_sc_hd__xor2_1)
   0.14    3.84 ^ _429_/Y (sky130_fd_sc_hd__o21ai_0)
   0.05    3.89 v _432_/Y (sky130_fd_sc_hd__nor3_1)
   0.00    3.89 v zero (out)
           3.89   data arrival time

   4.00    4.00   clock virt_clk (rise edge)
   0.00    4.00   clock network delay (ideal)
   0.00    4.00   clock reconvergence pessimism
  -1.00    3.00   output external delay
           3.00   data required time
---------------------------------------------------------
           3.00   data required time
          -3.89   data arrival time
---------------------------------------------------------
          -0.89   slack (VIOLATED)


tns -5.21
wns -0.89
[?2004hOpenSTA> 
[?2004l[?2004hOpenSTA> 
[?2004l[?2004hOpenSTA> 
[?2004l[?2004hOpenSTA> ^C[?2004l